[2024-03-18T23:40:16.586Z] Attempting to retrieve key: [object Object]
[2024-03-18T23:40:16.587Z] Successfully retrieved key: [object Object]
[2024-03-18T23:41:07.444Z] Attempting to retrieve key
[2024-03-18T23:41:07.451Z] Successfully retrieved key: [object Object]
[2024-03-18T23:41:41.965Z] Attempting to retrieve key
[2024-03-18T23:41:41.966Z] Successfully retrieved key: [object Object]
[2024-03-18T23:42:48.235Z] Attempting to retrieve key: group3
[2024-03-18T23:42:48.243Z] Successfully retrieved key: [object Object]
[2024-03-19T00:24:25.090Z] Attempting to retrieve key from object: jcarbspcs
[2024-03-19T00:24:25.091Z] Key not found: jcarbspcs
[2024-03-19T00:24:54.850Z] Attempting to retrieve key from object: jcarbspcs
[2024-03-19T00:24:54.850Z] Key not found: jcarbspcs
[2024-03-19T00:25:30.733Z] Attempting to retrieve key from object: jcarbspcs
[2024-03-19T00:25:30.734Z] Filepath: /usr/src/app/m4/distribution/local/data/default_gid/jcarbspcs
[2024-03-19T00:25:30.734Z] Key not found: jcarbspcs
[2024-03-19T00:53:48.121Z] Filepath: /usr/src/app/m4/distribution/local/data/default_gid/jcarbspcs
[2024-03-19T00:53:48.121Z] Attempting to retrieve key from object: jcarbspcs
[2024-03-19T00:53:48.122Z] Key not found: jcarbspcs
[2024-03-19T00:55:06.357Z] Attempting to retrieve key from object: jcarbspcs
[2024-03-19T00:55:06.357Z] Filepath: /usr/src/app/m4/distribution/local/data/default_gid/jcarbspcs
[2024-03-19T00:55:06.372Z] Key not found: jcarbspcs
[2024-03-19T00:55:13.016Z] Attempting to retrieve key: jcarbsg
[2024-03-19T00:55:13.016Z] Filepath: /usr/src/app/m4/distribution/local/data/default_gid/jcarbsg
[2024-03-19T00:55:13.017Z] Key not found: jcarbsg
[2024-03-19T00:55:13.046Z] Attempting to retrieve key: jcarbspg
[2024-03-19T00:55:13.047Z] Filepath: /usr/src/app/m4/distribution/local/data/default_gid/jcarbspg
[2024-03-19T00:55:13.047Z] Successfully retrieved key: jcarbspg
[2024-03-19T00:55:13.071Z] Attempting to retrieve key: jcarbspdg
[2024-03-19T00:55:13.071Z] Filepath: /usr/src/app/m4/distribution/local/data/default_gid/jcarbspdg
[2024-03-19T00:55:13.072Z] Key not found: jcarbspdg
[2024-03-19T00:55:13.084Z] GET request with null key
[2024-03-19T00:55:13.094Z] Attempting to retrieve key: 98c10ec3797857260aa372c2314bbb5b384f66feb312c3e85d70c784fd5ce626
[2024-03-19T00:55:13.094Z] Filepath: /usr/src/app/m4/distribution/local/data/default_gid/98c10ec3797857260aa372c2314bbb5b384f66feb312c3e85d70c784fd5ce626
[2024-03-19T00:55:13.094Z] Successfully retrieved key: 98c10ec3797857260aa372c2314bbb5b384f66feb312c3e85d70c784fd5ce626
[2024-03-19T01:29:40.215Z] Attempting to retrieve key from object: jcarbspcs
[2024-03-19T01:29:40.215Z] Filepath: /usr/src/app/m4/distribution/local/data/default_gid/jcarbspcs
[2024-03-19T01:29:40.216Z] Key not found: jcarbspcs
[2024-03-19T01:29:46.712Z] Attempting to retrieve key: jcarbsg
[2024-03-19T01:29:46.712Z] Filepath: /usr/src/app/m4/distribution/local/data/default_gid/jcarbsg
[2024-03-19T01:29:46.714Z] Key not found: jcarbsg
[2024-03-19T01:29:46.744Z] Attempting to retrieve key: jcarbspg
[2024-03-19T01:29:46.744Z] Filepath: /usr/src/app/m4/distribution/local/data/default_gid/jcarbspg
[2024-03-19T01:29:46.746Z] Successfully retrieved key: jcarbspg
[2024-03-19T01:29:46.768Z] Attempting to retrieve key: jcarbspdg
[2024-03-19T01:29:46.768Z] Filepath: /usr/src/app/m4/distribution/local/data/default_gid/jcarbspdg
[2024-03-19T01:29:46.768Z] Key not found: jcarbspdg
[2024-03-19T01:29:46.779Z] GET request with null key
[2024-03-19T01:29:46.789Z] Attempting to retrieve key: 98c10ec3797857260aa372c2314bbb5b384f66feb312c3e85d70c784fd5ce626
[2024-03-19T01:29:46.789Z] Filepath: /usr/src/app/m4/distribution/local/data/default_gid/98c10ec3797857260aa372c2314bbb5b384f66feb312c3e85d70c784fd5ce626
[2024-03-19T01:29:46.790Z] Successfully retrieved key: 98c10ec3797857260aa372c2314bbb5b384f66feb312c3e85d70c784fd5ce626
[2024-03-19T01:30:50.577Z] Attempting to retrieve key from object: jcarbspcs
[2024-03-19T01:30:50.577Z] Filepath: /usr/src/app/m4/distribution/local/data/default_gid/jcarbspcs
[2024-03-19T01:30:50.578Z] Key not found: jcarbspcs
[2024-03-19T01:30:57.115Z] Attempting to retrieve key: jcarbsg
[2024-03-19T01:30:57.115Z] Filepath: /usr/src/app/m4/distribution/local/data/default_gid/jcarbsg
[2024-03-19T01:30:57.115Z] Key not found: jcarbsg
[2024-03-19T01:30:57.146Z] Attempting to retrieve key: jcarbspg
[2024-03-19T01:30:57.146Z] Filepath: /usr/src/app/m4/distribution/local/data/default_gid/jcarbspg
[2024-03-19T01:30:57.146Z] Successfully retrieved key: jcarbspg
[2024-03-19T01:30:57.182Z] Attempting to retrieve key: jcarbspdg
[2024-03-19T01:30:57.182Z] Filepath: /usr/src/app/m4/distribution/local/data/default_gid/jcarbspdg
[2024-03-19T01:30:57.182Z] Key not found: jcarbspdg
[2024-03-19T01:30:57.194Z] GET request with null key
[2024-03-19T01:30:57.204Z] Filepath: /usr/src/app/m4/distribution/local/data/default_gid/98c10ec3797857260aa372c2314bbb5b384f66feb312c3e85d70c784fd5ce626
[2024-03-19T01:30:57.204Z] Attempting to retrieve key: 98c10ec3797857260aa372c2314bbb5b384f66feb312c3e85d70c784fd5ce626
[2024-03-19T01:30:57.205Z] Successfully retrieved key: 98c10ec3797857260aa372c2314bbb5b384f66feb312c3e85d70c784fd5ce626
[2024-03-19T01:31:56.418Z] Attempting to retrieve key from object: jcarbspcs
[2024-03-19T01:31:56.418Z] Filepath: /usr/src/app/m4/distribution/local/data/default_gid/jcarbspcs
[2024-03-19T01:31:56.419Z] Key not found: jcarbspcs
[2024-03-19T01:32:03.002Z] Attempting to retrieve key: jcarbsg
[2024-03-19T01:32:03.002Z] Filepath: /usr/src/app/m4/distribution/local/data/default_gid/jcarbsg
[2024-03-19T01:32:03.002Z] Key not found: jcarbsg
[2024-03-19T01:32:03.032Z] Attempting to retrieve key: jcarbspg
[2024-03-19T01:32:03.032Z] Filepath: /usr/src/app/m4/distribution/local/data/default_gid/jcarbspg
[2024-03-19T01:32:03.033Z] Successfully retrieved key: jcarbspg
[2024-03-19T01:32:03.058Z] Attempting to retrieve key: jcarbspdg
[2024-03-19T01:32:03.058Z] Filepath: /usr/src/app/m4/distribution/local/data/default_gid/jcarbspdg
[2024-03-19T01:32:03.058Z] Key not found: jcarbspdg
[2024-03-19T01:32:03.070Z] GET request with null key
[2024-03-19T01:32:03.082Z] Attempting to retrieve key: 98c10ec3797857260aa372c2314bbb5b384f66feb312c3e85d70c784fd5ce626
[2024-03-19T01:32:03.082Z] Filepath: /usr/src/app/m4/distribution/local/data/default_gid/98c10ec3797857260aa372c2314bbb5b384f66feb312c3e85d70c784fd5ce626
[2024-03-19T01:32:03.083Z] Successfully retrieved key: 98c10ec3797857260aa372c2314bbb5b384f66feb312c3e85d70c784fd5ce626
[2024-03-19T01:32:41.426Z] Attempting to retrieve key from object: jcarbspcs
[2024-03-19T01:32:41.426Z] Filepath: /usr/src/app/m4/distribution/local/data/default_gid/jcarbspcs
[2024-03-19T01:32:41.426Z] Key not found: jcarbspcs
[2024-03-19T01:32:47.913Z] Attempting to retrieve key: jcarbsg
[2024-03-19T01:32:47.913Z] Filepath: /usr/src/app/m4/distribution/local/data/default_gid/jcarbsg
[2024-03-19T01:32:47.913Z] Key not found: jcarbsg
[2024-03-19T01:32:47.944Z] Attempting to retrieve key: jcarbspg
[2024-03-19T01:32:47.944Z] Filepath: /usr/src/app/m4/distribution/local/data/default_gid/jcarbspg
[2024-03-19T01:32:47.944Z] Successfully retrieved key: jcarbspg
[2024-03-19T01:32:47.966Z] Filepath: /usr/src/app/m4/distribution/local/data/default_gid/jcarbspdg
[2024-03-19T01:32:47.966Z] Attempting to retrieve key: jcarbspdg
[2024-03-19T01:32:47.967Z] Key not found: jcarbspdg
[2024-03-19T01:32:47.978Z] GET request with null key
[2024-03-19T01:32:47.988Z] Attempting to retrieve key: 98c10ec3797857260aa372c2314bbb5b384f66feb312c3e85d70c784fd5ce626
[2024-03-19T01:32:47.988Z] Filepath: /usr/src/app/m4/distribution/local/data/default_gid/98c10ec3797857260aa372c2314bbb5b384f66feb312c3e85d70c784fd5ce626
[2024-03-19T01:32:47.988Z] Successfully retrieved key: 98c10ec3797857260aa372c2314bbb5b384f66feb312c3e85d70c784fd5ce626
[2024-03-19T01:36:15.213Z] Attempting to retrieve key from object: jcarbspcs
[2024-03-19T01:36:15.213Z] Key not found: jcarbspcs
[2024-03-19T01:36:15.213Z] Filepath: /usr/src/app/m4/distribution/local/store/default_gid/jcarbspcs
[2024-03-19T01:36:21.804Z] Filepath: /usr/src/app/m4/distribution/local/store/default_gid/jcarbsg
[2024-03-19T01:36:21.804Z] Attempting to retrieve key: jcarbsg
[2024-03-19T01:36:21.804Z] Key not found: jcarbsg
[2024-03-19T01:36:21.835Z] Filepath: /usr/src/app/m4/distribution/local/store/default_gid/jcarbspg
[2024-03-19T01:36:21.835Z] Attempting to retrieve key: jcarbspg
[2024-03-19T01:36:21.835Z] Successfully retrieved key: jcarbspg
[2024-03-19T01:36:21.856Z] Attempting to retrieve key: jcarbspdg
[2024-03-19T01:36:21.856Z] Filepath: /usr/src/app/m4/distribution/local/store/default_gid/jcarbspdg
[2024-03-19T01:36:21.857Z] Key not found: jcarbspdg
[2024-03-19T01:36:21.868Z] GET request with null key
[2024-03-19T01:36:21.869Z] Files: ewatson,jbowen,jcarbsp,jcarbspg,jkrasinski
[2024-03-19T01:36:21.881Z] Attempting to retrieve key: 98c10ec3797857260aa372c2314bbb5b384f66feb312c3e85d70c784fd5ce626
[2024-03-19T01:36:21.881Z] Filepath: /usr/src/app/m4/distribution/local/store/default_gid/98c10ec3797857260aa372c2314bbb5b384f66feb312c3e85d70c784fd5ce626
[2024-03-19T01:36:21.886Z] Successfully retrieved key: 98c10ec3797857260aa372c2314bbb5b384f66feb312c3e85d70c784fd5ce626
[2024-03-19T01:38:16.023Z] Attempting to retrieve key from object: jcarbspcs
[2024-03-19T01:38:16.023Z] Calling local
[2024-03-19T01:38:16.023Z] Filepath: /usr/src/app/m4/distribution/local/store/default_gid/jcarbspcs
[2024-03-19T01:38:16.024Z] Key not found: jcarbspcs
[2024-03-19T01:38:22.568Z] Calling local
[2024-03-19T01:38:22.568Z] Attempting to retrieve key: jcarbsg
[2024-03-19T01:38:22.569Z] Filepath: /usr/src/app/m4/distribution/local/store/default_gid/jcarbsg
[2024-03-19T01:38:22.569Z] Key not found: jcarbsg
[2024-03-19T01:38:22.601Z] Attempting to retrieve key: jcarbspg
[2024-03-19T01:38:22.601Z] Calling local
[2024-03-19T01:38:22.601Z] Filepath: /usr/src/app/m4/distribution/local/store/default_gid/jcarbspg
[2024-03-19T01:38:22.601Z] Successfully retrieved key: jcarbspg
[2024-03-19T01:38:22.625Z] Filepath: /usr/src/app/m4/distribution/local/store/default_gid/jcarbspdg
[2024-03-19T01:38:22.625Z] Attempting to retrieve key: jcarbspdg
[2024-03-19T01:38:22.625Z] Calling local
[2024-03-19T01:38:22.627Z] Key not found: jcarbspdg
[2024-03-19T01:38:22.639Z] Calling local
[2024-03-19T01:38:22.639Z] GET request with null key
[2024-03-19T01:38:22.639Z] Files: 98c10ec3797857260aa372c2314bbb5b384f66feb312c3e85d70c784fd5ce626,ewatson,jbowen,jcarbsp,jcarbspg,jkrasinski
[2024-03-19T01:38:22.649Z] Calling local
[2024-03-19T01:38:22.649Z] Filepath: /usr/src/app/m4/distribution/local/store/default_gid/98c10ec3797857260aa372c2314bbb5b384f66feb312c3e85d70c784fd5ce626
[2024-03-19T01:38:22.649Z] Attempting to retrieve key: 98c10ec3797857260aa372c2314bbb5b384f66feb312c3e85d70c784fd5ce626
[2024-03-19T01:38:22.650Z] Successfully retrieved key: 98c10ec3797857260aa372c2314bbb5b384f66feb312c3e85d70c784fd5ce626
[2024-03-19T01:40:20.237Z] Calling local
[2024-03-19T01:40:20.238Z] Attempting to retrieve key from object: jcarbspcs
[2024-03-19T01:40:20.238Z] Filepath: /usr/src/app/m4/distribution/local/store/default_gid/jcarbspcs
[2024-03-19T01:40:20.238Z] Key not found: jcarbspcs
[2024-03-19T01:40:26.715Z] Attempting to retrieve key: jcarbsg
[2024-03-19T01:40:26.715Z] Calling local
[2024-03-19T01:40:26.715Z] Filepath: /usr/src/app/m4/distribution/local/store/default_gid/jcarbsg
[2024-03-19T01:40:26.716Z] Key not found: jcarbsg
[2024-03-19T01:40:26.746Z] Calling local
[2024-03-19T01:40:26.746Z] Attempting to retrieve key: jcarbspg
[2024-03-19T01:40:26.746Z] Filepath: /usr/src/app/m4/distribution/local/store/default_gid/jcarbspg
[2024-03-19T01:40:26.747Z] Successfully retrieved key: jcarbspg
[2024-03-19T01:40:26.769Z] Attempting to retrieve key: jcarbspdg
[2024-03-19T01:40:26.769Z] Filepath: /usr/src/app/m4/distribution/local/store/default_gid/jcarbspdg
[2024-03-19T01:40:26.769Z] Calling local
[2024-03-19T01:40:26.770Z] Key not found: jcarbspdg
[2024-03-19T01:40:26.781Z] GET request with null key
[2024-03-19T01:40:26.781Z] Calling local
[2024-03-19T01:40:26.782Z] Files: 98c10ec3797857260aa372c2314bbb5b384f66feb312c3e85d70c784fd5ce626,ewatson,jbowen,jcarbsp,jcarbspg,jkrasinski
[2024-03-19T01:40:26.791Z] Attempting to retrieve key: 98c10ec3797857260aa372c2314bbb5b384f66feb312c3e85d70c784fd5ce626
[2024-03-19T01:40:26.791Z] Calling local
[2024-03-19T01:40:26.791Z] Filepath: /usr/src/app/m4/distribution/local/store/default_gid/98c10ec3797857260aa372c2314bbb5b384f66feb312c3e85d70c784fd5ce626
[2024-03-19T01:40:26.792Z] Successfully retrieved key: 98c10ec3797857260aa372c2314bbb5b384f66feb312c3e85d70c784fd5ce626
[2024-03-19T01:41:02.955Z] Calling local
[2024-03-19T01:41:02.955Z] Filepath: /usr/src/app/m4/distribution/local/store/default_gid/jcarbspcs
[2024-03-19T01:41:02.955Z] Attempting to retrieve key from object: jcarbspcs
[2024-03-19T01:41:02.961Z] Key not found: jcarbspcs
[2024-03-19T01:41:09.459Z] Calling local
[2024-03-19T01:41:09.459Z] Attempting to retrieve key: jcarbsg
[2024-03-19T01:41:09.459Z] Filepath: /usr/src/app/m4/distribution/local/store/default_gid/jcarbsg
[2024-03-19T01:41:09.462Z] Key not found: jcarbsg
[2024-03-19T01:41:09.493Z] Calling local
[2024-03-19T01:41:09.493Z] Filepath: /usr/src/app/m4/distribution/local/store/default_gid/jcarbspg
[2024-03-19T01:41:09.493Z] Attempting to retrieve key: jcarbspg
[2024-03-19T01:41:09.494Z] Successfully retrieved key: jcarbspg
[2024-03-19T01:41:09.518Z] Calling local
[2024-03-19T01:41:09.518Z] Filepath: /usr/src/app/m4/distribution/local/store/default_gid/jcarbspdg
[2024-03-19T01:41:09.518Z] Attempting to retrieve key: jcarbspdg
[2024-03-19T01:41:09.518Z] Key not found: jcarbspdg
[2024-03-19T01:41:09.530Z] GET request with null key
[2024-03-19T01:41:09.530Z] Calling local
[2024-03-19T01:41:09.531Z] Files: 98c10ec3797857260aa372c2314bbb5b384f66feb312c3e85d70c784fd5ce626,ewatson,jbowen,jcarbsp,jcarbspg,jkrasinski
[2024-03-19T01:41:09.541Z] Attempting to retrieve key: 98c10ec3797857260aa372c2314bbb5b384f66feb312c3e85d70c784fd5ce626
[2024-03-19T01:41:09.541Z] Calling local
[2024-03-19T01:41:09.541Z] Filepath: /usr/src/app/m4/distribution/local/store/default_gid/98c10ec3797857260aa372c2314bbb5b384f66feb312c3e85d70c784fd5ce626
[2024-03-19T01:41:09.542Z] Successfully retrieved key: 98c10ec3797857260aa372c2314bbb5b384f66feb312c3e85d70c784fd5ce626
[2024-03-19T01:44:29.588Z] Filepath: /usr/src/app/m4/distribution/local/store/default_gid/jcarbspcs
[2024-03-19T01:44:29.588Z] Attempting to retrieve key from object: jcarbspcs
[2024-03-19T01:44:29.587Z] Calling local
[2024-03-19T01:44:29.588Z] Key not found: jcarbspcs
[2024-03-19T01:44:36.126Z] Attempting to retrieve key: jcarbsg
[2024-03-19T01:44:36.126Z] Calling local
[2024-03-19T01:44:36.126Z] Filepath: /usr/src/app/m4/distribution/local/store/default_gid/jcarbsg
[2024-03-19T01:44:36.126Z] Key not found: jcarbsg
[2024-03-19T01:44:36.155Z] Calling local
[2024-03-19T01:44:36.155Z] Attempting to retrieve key: jcarbspg
[2024-03-19T01:44:36.155Z] Filepath: /usr/src/app/m4/distribution/local/store/default_gid/jcarbspg
[2024-03-19T01:44:36.156Z] Successfully retrieved key: jcarbspg
[2024-03-19T01:44:36.178Z] Calling local
[2024-03-19T01:44:36.178Z] Attempting to retrieve key: jcarbspdg
[2024-03-19T01:44:36.178Z] Filepath: /usr/src/app/m4/distribution/local/store/default_gid/jcarbspdg
[2024-03-19T01:44:36.178Z] Key not found: jcarbspdg
[2024-03-19T01:44:36.209Z] Calling local
[2024-03-19T01:44:36.209Z] GET request with null key
[2024-03-19T01:44:36.209Z] Files: 98c10ec3797857260aa372c2314bbb5b384f66feb312c3e85d70c784fd5ce626,ewatson,jbowen,jcarbsp,jcarbspg,jkrasinski
[2024-03-19T01:44:36.222Z] Attempting to retrieve key: 98c10ec3797857260aa372c2314bbb5b384f66feb312c3e85d70c784fd5ce626
[2024-03-19T01:44:36.222Z] Calling local
[2024-03-19T01:44:36.222Z] Filepath: /usr/src/app/m4/distribution/local/store/default_gid/98c10ec3797857260aa372c2314bbb5b384f66feb312c3e85d70c784fd5ce626
[2024-03-19T01:44:36.223Z] Successfully retrieved key: 98c10ec3797857260aa372c2314bbb5b384f66feb312c3e85d70c784fd5ce626
[2024-03-19T01:45:40.637Z] Attempting to retrieve key from object: jcarbspcs
[2024-03-19T01:45:40.637Z] Calling local
[2024-03-19T01:45:40.637Z] Filepath: /usr/src/app/m4/distribution/local/store/default_gid/jcarbspcs
[2024-03-19T01:45:40.638Z] Key not found: jcarbspcs
[2024-03-19T01:45:47.103Z] Calling local
[2024-03-19T01:45:47.103Z] Filepath: /usr/src/app/m4/distribution/local/store/default_gid/jcarbsg
[2024-03-19T01:45:47.103Z] Attempting to retrieve key: jcarbsg
[2024-03-19T01:45:47.103Z] Key not found: jcarbsg
[2024-03-19T01:45:47.135Z] Attempting to retrieve key: jcarbspg
[2024-03-19T01:45:47.135Z] Filepath: /usr/src/app/m4/distribution/local/store/default_gid/jcarbspg
[2024-03-19T01:45:47.135Z] Calling local
[2024-03-19T01:45:47.135Z] Successfully retrieved key: jcarbspg
[2024-03-19T01:45:47.157Z] Calling local
[2024-03-19T01:45:47.157Z] Attempting to retrieve key: jcarbspdg
[2024-03-19T01:45:47.157Z] Filepath: /usr/src/app/m4/distribution/local/store/default_gid/jcarbspdg
[2024-03-19T01:45:47.157Z] Key not found: jcarbspdg
[2024-03-19T01:45:47.168Z] Calling local
[2024-03-19T01:45:47.168Z] GET request with null key
[2024-03-19T01:45:47.169Z] Files: 98c10ec3797857260aa372c2314bbb5b384f66feb312c3e85d70c784fd5ce626,ewatson,jbowen,jcarbsp,jcarbspg,jkrasinski
[2024-03-19T01:45:47.178Z] Calling local
[2024-03-19T01:45:47.178Z] Attempting to retrieve key: 98c10ec3797857260aa372c2314bbb5b384f66feb312c3e85d70c784fd5ce626
[2024-03-19T01:45:47.178Z] Filepath: /usr/src/app/m4/distribution/local/store/default_gid/98c10ec3797857260aa372c2314bbb5b384f66feb312c3e85d70c784fd5ce626
[2024-03-19T01:45:47.178Z] Successfully retrieved key: 98c10ec3797857260aa372c2314bbb5b384f66feb312c3e85d70c784fd5ce626
[2024-03-19T01:46:30.346Z] Calling local
[2024-03-19T01:46:30.346Z] Filepath: /usr/src/app/m4/distribution/local/store/default_gid/jcarbspcs
[2024-03-19T01:46:30.346Z] Attempting to retrieve key from object: jcarbspcs
[2024-03-19T01:46:30.347Z] Key not found: jcarbspcs
[2024-03-19T01:46:36.832Z] Calling local
[2024-03-19T01:46:36.833Z] Attempting to retrieve key: jcarbsg
[2024-03-19T01:46:36.833Z] Filepath: /usr/src/app/m4/distribution/local/store/default_gid/jcarbsg
[2024-03-19T01:46:36.833Z] Key not found: jcarbsg
[2024-03-19T01:46:36.861Z] Attempting to retrieve key: jcarbspg
[2024-03-19T01:46:36.861Z] Calling local
[2024-03-19T01:46:36.861Z] Filepath: /usr/src/app/m4/distribution/local/store/default_gid/jcarbspg
[2024-03-19T01:46:36.862Z] Successfully retrieved key: jcarbspg
[2024-03-19T01:46:36.885Z] Calling local
[2024-03-19T01:46:36.885Z] Filepath: /usr/src/app/m4/distribution/local/store/default_gid/jcarbspdg
[2024-03-19T01:46:36.885Z] Attempting to retrieve key: jcarbspdg
[2024-03-19T01:46:36.885Z] Key not found: jcarbspdg
[2024-03-19T01:46:36.897Z] GET request with null key
[2024-03-19T01:46:36.897Z] Calling local
[2024-03-19T01:46:36.898Z] Files: 98c10ec3797857260aa372c2314bbb5b384f66feb312c3e85d70c784fd5ce626,ewatson,jbowen,jcarbsp,jcarbspg,jkrasinski
[2024-03-19T01:46:36.907Z] Calling local
[2024-03-19T01:46:36.907Z] Attempting to retrieve key: 98c10ec3797857260aa372c2314bbb5b384f66feb312c3e85d70c784fd5ce626
[2024-03-19T01:46:36.907Z] Filepath: /usr/src/app/m4/distribution/local/store/default_gid/98c10ec3797857260aa372c2314bbb5b384f66feb312c3e85d70c784fd5ce626
[2024-03-19T01:46:36.908Z] Successfully retrieved key: 98c10ec3797857260aa372c2314bbb5b384f66feb312c3e85d70c784fd5ce626
[2024-03-19T01:48:30.812Z] Attempting to retrieve key: jcarbsg
[2024-03-19T01:48:30.812Z] Calling local
[2024-03-19T01:48:30.812Z] Filepath: /usr/src/app/m4/distribution/local/store/default_gid/jcarbsg
[2024-03-19T01:48:30.813Z] Key not found: jcarbsg
[2024-03-19T01:48:30.849Z] Filepath: /usr/src/app/m4/distribution/local/store/default_gid/jcarbspg
[2024-03-19T01:48:30.849Z] Calling local
[2024-03-19T01:48:30.849Z] Attempting to retrieve key: jcarbspg
[2024-03-19T01:48:30.850Z] Successfully retrieved key: jcarbspg
[2024-03-19T01:48:30.872Z] Attempting to retrieve key: jcarbspdg
[2024-03-19T01:48:30.872Z] Calling local
[2024-03-19T01:48:30.872Z] Filepath: /usr/src/app/m4/distribution/local/store/default_gid/jcarbspdg
[2024-03-19T01:48:30.872Z] Key not found: jcarbspdg
[2024-03-19T01:48:30.884Z] Calling local
[2024-03-19T01:48:30.884Z] GET request with null key
[2024-03-19T01:48:30.885Z] Files: 98c10ec3797857260aa372c2314bbb5b384f66feb312c3e85d70c784fd5ce626,ewatson,jbowen,jcarbsp,jcarbspg,jkrasinski
[2024-03-19T01:48:30.896Z] Attempting to retrieve key: 98c10ec3797857260aa372c2314bbb5b384f66feb312c3e85d70c784fd5ce626
[2024-03-19T01:48:30.896Z] Calling local
[2024-03-19T01:48:30.896Z] Filepath: /usr/src/app/m4/distribution/local/store/default_gid/98c10ec3797857260aa372c2314bbb5b384f66feb312c3e85d70c784fd5ce626
[2024-03-19T01:48:30.897Z] Successfully retrieved key: 98c10ec3797857260aa372c2314bbb5b384f66feb312c3e85d70c784fd5ce626
[2024-03-19T01:48:33.424Z] Filepath: /usr/src/app/m4/distribution/local/store/default_gid/jcarbspcs
[2024-03-19T01:48:33.424Z] Calling local
[2024-03-19T01:48:33.424Z] Attempting to retrieve key from object: jcarbspcs
[2024-03-19T01:48:33.425Z] Key not found: jcarbspcs
