[2024-03-19T00:53:48.096Z] Attempting to retrieve key: "jcarbspsg"
[2024-03-19T00:53:48.097Z] Key not found: jcarbspsg
[2024-03-19T00:53:48.097Z] Attempting to retrieve key: "jcarb"
[2024-03-19T00:53:48.098Z] Key not found: jcarb
[2024-03-19T00:53:48.104Z] Attempting to retrieve key: "jcarbmpg"
[2024-03-19T00:53:48.105Z] Successfully retrieved key: jcarbmpg
[2024-03-19T00:53:48.112Z] Attempting to retrieve key: "jcarbmpdg"
[2024-03-19T00:53:48.112Z] Key not found: jcarbmpdg
[2024-03-19T00:53:48.116Z] GET request with null key
[2024-03-19T00:53:48.118Z] Attempting to retrieve key: "98c10ec3797857260aa372c2314bbb5b384f66feb312c3e85d70c784fd5ce626"
[2024-03-19T00:53:48.119Z] Successfully retrieved key: 98c10ec3797857260aa372c2314bbb5b384f66feb312c3e85d70c784fd5ce626
[2024-03-19T00:53:48.153Z] GET request with null key
[2024-03-19T00:55:06.326Z] Attempting to retrieve key: "jcarbspsg"
[2024-03-19T00:55:06.326Z] Key not found: jcarbspsg
[2024-03-19T00:55:06.327Z] Attempting to retrieve key: "jcarb"
[2024-03-19T00:55:06.327Z] Key not found: jcarb
[2024-03-19T00:55:06.333Z] Attempting to retrieve key: "jcarbmpg"
[2024-03-19T00:55:06.334Z] Successfully retrieved key: jcarbmpg
[2024-03-19T00:55:06.341Z] Attempting to retrieve key: "jcarbmpdg"
[2024-03-19T00:55:06.341Z] Key not found: jcarbmpdg
[2024-03-19T00:55:06.345Z] GET request with null key
[2024-03-19T00:55:06.347Z] Attempting to retrieve key: "98c10ec3797857260aa372c2314bbb5b384f66feb312c3e85d70c784fd5ce626"
[2024-03-19T00:55:06.348Z] Successfully retrieved key: 98c10ec3797857260aa372c2314bbb5b384f66feb312c3e85d70c784fd5ce626
[2024-03-19T00:55:06.413Z] GET request with null key
[2024-03-19T01:29:40.182Z] Attempting to retrieve key: "jcarbspsg"
[2024-03-19T01:29:40.183Z] Key not found: jcarbspsg
[2024-03-19T01:29:40.184Z] Attempting to retrieve key: "jcarb"
[2024-03-19T01:29:40.185Z] Key not found: jcarb
[2024-03-19T01:29:40.192Z] Attempting to retrieve key: "jcarbmpg"
[2024-03-19T01:29:40.193Z] Successfully retrieved key: jcarbmpg
[2024-03-19T01:29:40.203Z] Attempting to retrieve key: "jcarbmpdg"
[2024-03-19T01:29:40.203Z] Key not found: jcarbmpdg
[2024-03-19T01:29:40.208Z] GET request with null key
[2024-03-19T01:29:40.211Z] Attempting to retrieve key: "98c10ec3797857260aa372c2314bbb5b384f66feb312c3e85d70c784fd5ce626"
[2024-03-19T01:29:40.212Z] Successfully retrieved key: 98c10ec3797857260aa372c2314bbb5b384f66feb312c3e85d70c784fd5ce626
[2024-03-19T01:29:40.249Z] GET request with null key
[2024-03-19T01:30:50.547Z] Attempting to retrieve key: "jcarbspsg"
[2024-03-19T01:30:50.548Z] Key not found: jcarbspsg
[2024-03-19T01:30:50.549Z] Attempting to retrieve key: "jcarb"
[2024-03-19T01:30:50.549Z] Key not found: jcarb
[2024-03-19T01:30:50.555Z] Attempting to retrieve key: "jcarbmpg"
[2024-03-19T01:30:50.557Z] Successfully retrieved key: jcarbmpg
[2024-03-19T01:30:50.565Z] Attempting to retrieve key: "jcarbmpdg"
[2024-03-19T01:30:50.566Z] Key not found: jcarbmpdg
[2024-03-19T01:30:50.571Z] GET request with null key
[2024-03-19T01:30:50.573Z] Attempting to retrieve key: "98c10ec3797857260aa372c2314bbb5b384f66feb312c3e85d70c784fd5ce626"
[2024-03-19T01:30:50.574Z] Successfully retrieved key: 98c10ec3797857260aa372c2314bbb5b384f66feb312c3e85d70c784fd5ce626
[2024-03-19T01:30:50.610Z] GET request with null key
[2024-03-19T01:31:56.385Z] Attempting to retrieve key: "jcarbspsg"
[2024-03-19T01:31:56.386Z] Key not found: jcarbspsg
[2024-03-19T01:31:56.387Z] Attempting to retrieve key: "jcarb"
[2024-03-19T01:31:56.387Z] Key not found: jcarb
[2024-03-19T01:31:56.394Z] Attempting to retrieve key: "jcarbmpg"
[2024-03-19T01:31:56.395Z] Successfully retrieved key: jcarbmpg
[2024-03-19T01:31:56.406Z] Attempting to retrieve key: "jcarbmpdg"
[2024-03-19T01:31:56.406Z] Key not found: jcarbmpdg
[2024-03-19T01:31:56.412Z] GET request with null key
[2024-03-19T01:31:56.414Z] Attempting to retrieve key: "98c10ec3797857260aa372c2314bbb5b384f66feb312c3e85d70c784fd5ce626"
[2024-03-19T01:31:56.415Z] Successfully retrieved key: 98c10ec3797857260aa372c2314bbb5b384f66feb312c3e85d70c784fd5ce626
[2024-03-19T01:31:56.450Z] CALLING RECONF
[2024-03-19T01:31:56.451Z] GET request with null key
[2024-03-19T01:32:41.402Z] Attempting to retrieve key: "jcarbspsg"
[2024-03-19T01:32:41.403Z] Key not found: jcarbspsg
[2024-03-19T01:32:41.403Z] Attempting to retrieve key: "jcarb"
[2024-03-19T01:32:41.404Z] Key not found: jcarb
[2024-03-19T01:32:41.407Z] Attempting to retrieve key: "jcarbmpg"
[2024-03-19T01:32:41.408Z] Successfully retrieved key: jcarbmpg
[2024-03-19T01:32:41.415Z] Attempting to retrieve key: "jcarbmpdg"
[2024-03-19T01:32:41.416Z] Key not found: jcarbmpdg
[2024-03-19T01:32:41.420Z] GET request with null key
[2024-03-19T01:32:41.421Z] Attempting to retrieve key: "98c10ec3797857260aa372c2314bbb5b384f66feb312c3e85d70c784fd5ce626"
[2024-03-19T01:32:41.423Z] Successfully retrieved key: 98c10ec3797857260aa372c2314bbb5b384f66feb312c3e85d70c784fd5ce626
[2024-03-19T01:32:41.459Z] CALLING RECONF
[2024-03-19T01:32:41.461Z] GET request with null key
[2024-03-19T01:36:15.181Z] Attempting to retrieve key: "jcarbspsg"
[2024-03-19T01:36:15.182Z] Key not found: jcarbspsg
[2024-03-19T01:36:15.183Z] Attempting to retrieve key: "jcarb"
[2024-03-19T01:36:15.183Z] Key not found: jcarb
[2024-03-19T01:36:15.189Z] Attempting to retrieve key: "jcarbmpg"
[2024-03-19T01:36:15.190Z] Successfully retrieved key: jcarbmpg
[2024-03-19T01:36:15.199Z] Attempting to retrieve key: "jcarbmpdg"
[2024-03-19T01:36:15.200Z] Key not found: jcarbmpdg
[2024-03-19T01:36:15.205Z] GET request with null key
[2024-03-19T01:36:15.208Z] Attempting to retrieve key: "98c10ec3797857260aa372c2314bbb5b384f66feb312c3e85d70c784fd5ce626"
[2024-03-19T01:36:15.209Z] Successfully retrieved key: 98c10ec3797857260aa372c2314bbb5b384f66feb312c3e85d70c784fd5ce626
[2024-03-19T01:36:15.253Z] CALLING RECONF
[2024-03-19T01:36:15.254Z] GET request with null key
[2024-03-19T01:38:15.991Z] Attempting to retrieve key: "jcarbspsg"
[2024-03-19T01:38:15.991Z] Key not found: jcarbspsg
[2024-03-19T01:38:15.992Z] Attempting to retrieve key: "jcarb"
[2024-03-19T01:38:15.992Z] Key not found: jcarb
[2024-03-19T01:38:15.997Z] Attempting to retrieve key: "jcarbmpg"
[2024-03-19T01:38:15.998Z] Successfully retrieved key: jcarbmpg
[2024-03-19T01:38:16.010Z] Attempting to retrieve key: "jcarbmpdg"
[2024-03-19T01:38:16.010Z] Key not found: jcarbmpdg
[2024-03-19T01:38:16.016Z] GET request with null key
[2024-03-19T01:38:16.017Z] Files all store: 98c10ec3797857260aa372c2314bbb5b384f66feb312c3e85d70c784fd5ce626,ewatsonsgnk,jbowensgnk,jcarbmp,jcarbmpg,jkrasinskisgnk
[2024-03-19T01:38:16.019Z] Attempting to retrieve key: "98c10ec3797857260aa372c2314bbb5b384f66feb312c3e85d70c784fd5ce626"
[2024-03-19T01:38:16.019Z] Successfully retrieved key: 98c10ec3797857260aa372c2314bbb5b384f66feb312c3e85d70c784fd5ce626
[2024-03-19T01:38:16.058Z] CALLING RECONF
[2024-03-19T01:38:16.058Z] GET request with null key
[2024-03-19T01:38:16.060Z] Files all store: ewatsonmrnh,jbowenmrnh,jkrasinskimrnh,sspielbergmrnh,tnelsonmrnh
[2024-03-19T01:40:20.207Z] Attempting to retrieve key: "jcarbspsg"
[2024-03-19T01:40:20.208Z] Key not found: jcarbspsg
[2024-03-19T01:40:20.208Z] Attempting to retrieve key: "jcarb"
[2024-03-19T01:40:20.209Z] Key not found: jcarb
[2024-03-19T01:40:20.214Z] Attempting to retrieve key: "jcarbmpg"
[2024-03-19T01:40:20.216Z] Successfully retrieved key: jcarbmpg
[2024-03-19T01:40:20.223Z] Attempting to retrieve key: "jcarbmpdg"
[2024-03-19T01:40:20.223Z] Key not found: jcarbmpdg
[2024-03-19T01:40:20.228Z] GET request with null key
[2024-03-19T01:40:20.228Z] Files all store: 98c10ec3797857260aa372c2314bbb5b384f66feb312c3e85d70c784fd5ce626,ewatsonsgnk,jbowensgnk,jcarbmp,jcarbmpg,jkrasinskisgnk
[2024-03-19T01:40:20.232Z] Attempting to retrieve key: "98c10ec3797857260aa372c2314bbb5b384f66feb312c3e85d70c784fd5ce626"
[2024-03-19T01:40:20.233Z] Successfully retrieved key: 98c10ec3797857260aa372c2314bbb5b384f66feb312c3e85d70c784fd5ce626
[2024-03-19T01:40:20.269Z] CALLING RECONF
[2024-03-19T01:40:20.269Z] GET request with null key
[2024-03-19T01:40:20.270Z] Files all store: ewatsonmrnh,jbowenmrnh,jkrasinskimrnh,sspielbergmrnh,tnelsonmrnh
[2024-03-19T01:41:02.926Z] Attempting to retrieve key: "jcarbspsg"
[2024-03-19T01:41:02.927Z] Key not found: jcarbspsg
[2024-03-19T01:41:02.927Z] Attempting to retrieve key: "jcarb"
[2024-03-19T01:41:02.928Z] Key not found: jcarb
[2024-03-19T01:41:02.932Z] Attempting to retrieve key: "jcarbmpg"
[2024-03-19T01:41:02.933Z] Successfully retrieved key: jcarbmpg
[2024-03-19T01:41:02.942Z] Attempting to retrieve key: "jcarbmpdg"
[2024-03-19T01:41:02.943Z] Key not found: jcarbmpdg
[2024-03-19T01:41:02.949Z] GET request with null key
[2024-03-19T01:41:02.950Z] Files all store: ewatsonsgnk,jbowensgnk,jcarbmp,jcarbmpg,jkrasinskisgnk
[2024-03-19T01:41:02.952Z] Attempting to retrieve key: "98c10ec3797857260aa372c2314bbb5b384f66feb312c3e85d70c784fd5ce626"
[2024-03-19T01:41:02.952Z] Successfully retrieved key: 98c10ec3797857260aa372c2314bbb5b384f66feb312c3e85d70c784fd5ce626
[2024-03-19T01:41:02.993Z] GET request with null key
[2024-03-19T01:41:02.993Z] CALLING RECONF
[2024-03-19T01:41:02.994Z] Files all store: ewatsonmrnh,jbowenmrnh,jkrasinskimrnh,sspielbergmrnh,tnelsonmrnh
[2024-03-19T01:44:29.520Z] Attempting to retrieve key: "jcarbspsg"
[2024-03-19T01:44:29.521Z] Key not found: jcarbspsg
[2024-03-19T01:44:29.521Z] Attempting to retrieve key: "jcarb"
[2024-03-19T01:44:29.522Z] Key not found: jcarb
[2024-03-19T01:44:29.528Z] Attempting to retrieve key: "jcarbmpg"
[2024-03-19T01:44:29.530Z] Successfully retrieved key: jcarbmpg
[2024-03-19T01:44:29.551Z] Attempting to retrieve key: "jcarbmpdg"
[2024-03-19T01:44:29.552Z] Key not found: jcarbmpdg
[2024-03-19T01:44:29.560Z] GET request with null key
[2024-03-19T01:44:29.560Z] Files all store: 98c10ec3797857260aa372c2314bbb5b384f66feb312c3e85d70c784fd5ce626,ewatsonsgnk,jbowensgnk,jcarbmp,jcarbmpg,jkrasinskisgnk
[2024-03-19T01:44:29.584Z] Attempting to retrieve key: "98c10ec3797857260aa372c2314bbb5b384f66feb312c3e85d70c784fd5ce626"
[2024-03-19T01:44:29.585Z] Successfully retrieved key: 98c10ec3797857260aa372c2314bbb5b384f66feb312c3e85d70c784fd5ce626
[2024-03-19T01:44:29.602Z] CALLING RECONF
[2024-03-19T01:44:29.602Z] GET request with null key
[2024-03-19T01:44:29.602Z] Files all store: ewatsonmrnh,jbowenmrnh,jkrasinskimrnh,sspielbergmrnh,tnelsonmrnh
[2024-03-19T01:44:29.602Z] KEYS ewatsonmrnh,jbowenmrnh,jkrasinskimrnh,sspielbergmrnh,tnelsonmrnh
[2024-03-19T01:45:40.598Z] Attempting to retrieve key: "jcarbspsg"
[2024-03-19T01:45:40.600Z] Key not found: jcarbspsg
[2024-03-19T01:45:40.601Z] Attempting to retrieve key: "jcarb"
[2024-03-19T01:45:40.602Z] Key not found: jcarb
[2024-03-19T01:45:40.614Z] Attempting to retrieve key: "jcarbmpg"
[2024-03-19T01:45:40.616Z] Successfully retrieved key: jcarbmpg
[2024-03-19T01:45:40.624Z] Attempting to retrieve key: "jcarbmpdg"
[2024-03-19T01:45:40.625Z] Key not found: jcarbmpdg
[2024-03-19T01:45:40.630Z] GET request with null key
[2024-03-19T01:45:40.631Z] Files all store: 98c10ec3797857260aa372c2314bbb5b384f66feb312c3e85d70c784fd5ce626,ewatsonsgnk,jbowensgnk,jcarbmp,jcarbmpg,jkrasinskisgnk
[2024-03-19T01:45:40.633Z] Attempting to retrieve key: "98c10ec3797857260aa372c2314bbb5b384f66feb312c3e85d70c784fd5ce626"
[2024-03-19T01:45:40.634Z] Successfully retrieved key: 98c10ec3797857260aa372c2314bbb5b384f66feb312c3e85d70c784fd5ce626
[2024-03-19T01:45:40.670Z] CALLING RECONF
[2024-03-19T01:45:40.670Z] GET request with null key
[2024-03-19T01:45:40.671Z] Files all store: ewatsonmrnh,jbowenmrnh,jkrasinskimrnh,sspielbergmrnh,tnelsonmrnh
[2024-03-19T01:46:30.312Z] Attempting to retrieve key: "jcarbspsg"
[2024-03-19T01:46:30.314Z] Key not found: jcarbspsg
[2024-03-19T01:46:30.315Z] Attempting to retrieve key: "jcarb"
[2024-03-19T01:46:30.315Z] Key not found: jcarb
[2024-03-19T01:46:30.322Z] Attempting to retrieve key: "jcarbmpg"
[2024-03-19T01:46:30.324Z] Successfully retrieved key: jcarbmpg
[2024-03-19T01:46:30.333Z] Attempting to retrieve key: "jcarbmpdg"
[2024-03-19T01:46:30.333Z] Key not found: jcarbmpdg
[2024-03-19T01:46:30.338Z] GET request with null key
[2024-03-19T01:46:30.339Z] Files all store: 98c10ec3797857260aa372c2314bbb5b384f66feb312c3e85d70c784fd5ce626,ewatsonsgnk,jbowensgnk,jcarbmp,jcarbmpg,jkrasinskisgnk
[2024-03-19T01:46:30.340Z] Attempting to retrieve key: "98c10ec3797857260aa372c2314bbb5b384f66feb312c3e85d70c784fd5ce626"
[2024-03-19T01:46:30.342Z] Successfully retrieved key: 98c10ec3797857260aa372c2314bbb5b384f66feb312c3e85d70c784fd5ce626
[2024-03-19T01:46:30.382Z] GET request with null key
[2024-03-19T01:46:30.382Z] CALLING RECONF
[2024-03-19T01:46:30.382Z] Files all store: ewatsonmrnh,jbowenmrnh,jkrasinskimrnh,sspielbergmrnh,tnelsonmrnh
[2024-03-19T01:46:30.382Z] Error fetching keys:
[2024-03-19T01:48:33.387Z] Attempting to retrieve key: "jcarbspsg"
[2024-03-19T01:48:33.388Z] Key not found: jcarbspsg
[2024-03-19T01:48:33.388Z] Attempting to retrieve key: "jcarb"
[2024-03-19T01:48:33.389Z] Key not found: jcarb
[2024-03-19T01:48:33.394Z] Attempting to retrieve key: "jcarbmpg"
[2024-03-19T01:48:33.401Z] Successfully retrieved key: jcarbmpg
[2024-03-19T01:48:33.411Z] Attempting to retrieve key: "jcarbmpdg"
[2024-03-19T01:48:33.411Z] Key not found: jcarbmpdg
[2024-03-19T01:48:33.416Z] GET request with null key
[2024-03-19T01:48:33.416Z] Files all store: 98c10ec3797857260aa372c2314bbb5b384f66feb312c3e85d70c784fd5ce626,ewatsonsgnk,jbowensgnk,jcarbmp,jcarbmpg,jkrasinskisgnk
[2024-03-19T01:48:33.419Z] Attempting to retrieve key: "98c10ec3797857260aa372c2314bbb5b384f66feb312c3e85d70c784fd5ce626"
[2024-03-19T01:48:33.420Z] Successfully retrieved key: 98c10ec3797857260aa372c2314bbb5b384f66feb312c3e85d70c784fd5ce626
[2024-03-19T01:48:33.458Z] GET request with null key
[2024-03-19T01:48:33.458Z] CALLING RECONF
[2024-03-19T01:48:33.459Z] Files all store: ewatsonmrnh,jbowenmrnh,jkrasinskimrnh,sspielbergmrnh,tnelsonmrnh
[2024-03-19T01:48:33.459Z] KEYS ewatsonmrnh,jbowenmrnh,jkrasinskimrnh,sspielbergmrnh,tnelsonmrnh
